<?xml version="1.0" encoding="UTF-8"?>
<!-- Generated by org.testng.reporters.JUnitReportReporter -->
<testsuite hostname="NB5CG7481SKZ" failures="0" tests="1" name="org.bongz.tests.HomepageTests" time="15.279" errors="0" timestamp="2022-01-06T06:27:08 SAST" skipped="0">
  <testcase classname="org.bongz.tests.HomepageTests" name="test1" time="15.279"/>
  <system-out/>
</testsuite> <!-- org.bongz.tests.HomepageTests -->
