<?xml version="1.0" encoding="UTF-8"?>
<!-- Generated by org.testng.reporters.JUnitReportReporter -->
<testsuite hostname="NB5CG7481SKZ" failures="0" tests="1" name="org.bongz.tests.LoginpageTests" time="22.427" errors="0" timestamp="2022-02-03T12:18:23 SAST" skipped="0">
  <testcase classname="org.bongz.tests.LoginpageTests" name="test1" time="22.427"/>
  <system-out/>
</testsuite> <!-- org.bongz.tests.LoginpageTests -->
