<?xml version="1.0" encoding="UTF-8"?>
<!-- Generated by org.testng.reporters.JUnitReportReporter -->
<testsuite hostname="NB5CG7481SKZ" failures="0" tests="1" name="org.bongz.tests.MultiplyTests" time="190.827" errors="0" timestamp="2022-03-05T10:45:03 SAST" skipped="0">
  <testcase classname="org.bongz.tests.MultiplyTests" name="completeHealthQuestionnareTest" time="190.827"/>
  <system-out/>
</testsuite> <!-- org.bongz.tests.MultiplyTests -->
