<?xml version="1.0" encoding="UTF-8"?>
<!-- Generated by org.testng.reporters.JUnitReportReporter -->
<testsuite hostname="NB5CG7481SKZ" failures="1" tests="3" name="org.bongz.tests.MultiplyTests" time="977.610" errors="0" timestamp="2022-03-05T17:44:16 SAST" skipped="0">
  <testcase classname="org.bongz.tests.MultiplyTests" name="loginlogoutTest" time="106.218">
    <failure message="
Expecting:
 &lt;&quot;Login&quot;&gt;
to be equal to:
 &lt;&quot;My Points&quot;&gt;
but was not." type="java.lang.AssertionError">
      <![CDATA[java.lang.AssertionError: 
Expecting:
 <"Login">
to be equal to:
 <"My Points">
but was not.
at org.bongz.tests.MultiplyTests.loginlogoutTest(MultiplyTests.java:31)
at java.base/jdk.internal.reflect.NativeMethodAccessorImpl.invoke0(Native Method)
at java.base/jdk.internal.reflect.NativeMethodAccessorImpl.invoke(NativeMethodAccessorImpl.java:78)
at java.base/jdk.internal.reflect.DelegatingMethodAccessorImpl.invoke(DelegatingMethodAccessorImpl.java:43)
at java.base/java.lang.reflect.Method.invoke(Method.java:567)
at org.testng.internal.MethodInvocationHelper.invokeMethod(MethodInvocationHelper.java:133)
at org.testng.internal.TestInvoker.invokeMethod(TestInvoker.java:598)
at org.testng.internal.TestInvoker.invokeTestMethod(TestInvoker.java:173)
at org.testng.internal.TestMethodWithDataProviderMethodWorker.call(TestMethodWithDataProviderMethodWorker.java:77)
at org.testng.internal.TestMethodWithDataProviderMethodWorker.call(TestMethodWithDataProviderMethodWorker.java:15)
at java.base/java.util.concurrent.FutureTask.run(FutureTask.java:264)
at java.base/java.util.concurrent.Executors$RunnableAdapter.call(Executors.java:515)
at java.base/java.util.concurrent.FutureTask.run(FutureTask.java:264)
at java.base/java.util.concurrent.ThreadPoolExecutor.runWorker(ThreadPoolExecutor.java:1130)
at java.base/java.util.concurrent.ThreadPoolExecutor$Worker.run(ThreadPoolExecutor.java:630)
at java.base/java.lang.Thread.run(Thread.java:831)
]]>
    </failure>
  </testcase> <!-- loginlogoutTest -->
  <system-out/>
  <testcase classname="org.bongz.tests.MultiplyTests" name="completeHealthQuestionnareTest" time="453.056"/>
  <system-out/>
  <testcase classname="org.bongz.tests.MultiplyTests" name="completeHealthQuestionnareTest" time="418.336"/>
  <system-out/>
</testsuite> <!-- org.bongz.tests.MultiplyTests -->
