<?xml version="1.0" encoding="UTF-8"?>
<!-- Generated by org.testng.reporters.JUnitReportReporter -->
<testsuite hostname="NB5CG7481SKZ" failures="0" tests="1" name="org.bongz.tests.CoreAdminTests" time="112.864" errors="0" timestamp="2022-03-14T16:20:03 SAST" skipped="0">
  <testcase classname="org.bongz.tests.CoreAdminTests" name="campaignManagementTest" time="112.864"/>
  <system-out/>
</testsuite> <!-- org.bongz.tests.CoreAdminTests -->
